{"/Users/arunkramachandran/Workspace/brewery-management/client/src/index.js": {"path":"/Users/arunkramachandran/Workspace/brewery-management/client/src/index.js","statementMap":{"0":{"start":{"line":9,"column":8},"end":{"line":13,"column":10}},"1":{"start":{"line":17,"column":0},"end":{"line":17,"column":57}}},"fnMap":{"0":{"name":"(anonymous_0)","decl":{"start":{"line":8,"column":4},"end":{"line":8,"column":5}},"loc":{"start":{"line":8,"column":13},"end":{"line":14,"column":5}},"line":8}},"branchMap":{},"s":{"0":0,"1":0},"f":{"0":0},"b":{}}
,"/Users/arunkramachandran/Workspace/brewery-management/client/src/components/Bar.jsx": {"path":"/Users/arunkramachandran/Workspace/brewery-management/client/src/components/Bar.jsx","statementMap":{"0":{"start":{"line":3,"column":19},"end":{"line":3,"column":92}},"1":{"start":{"line":3,"column":37},"end":{"line":3,"column":91}}},"fnMap":{"0":{"name":"(anonymous_0)","decl":{"start":{"line":3,"column":19},"end":{"line":3,"column":20}},"loc":{"start":{"line":3,"column":37},"end":{"line":3,"column":91}},"line":3}},"branchMap":{},"s":{"0":1,"1":1},"f":{"0":1},"b":{},"_coverageSchema":"1a1c01bbd47fc00a2c39e90264f33305004495a9","hash":"9b702015f661198ab35f5fd36aaadd11f648e0ee"}
,"/Users/arunkramachandran/Workspace/brewery-management/client/src/components/Graph.jsx": {"path":"/Users/arunkramachandran/Workspace/brewery-management/client/src/components/Graph.jsx","statementMap":{"0":{"start":{"line":3,"column":21},"end":{"line":10,"column":1}},"1":{"start":{"line":5,"column":4},"end":{"line":9,"column":5}}},"fnMap":{"0":{"name":"(anonymous_0)","decl":{"start":{"line":3,"column":21},"end":{"line":3,"column":22}},"loc":{"start":{"line":3,"column":32},"end":{"line":10,"column":1}},"line":3}},"branchMap":{},"s":{"0":0,"1":0},"f":{"0":0},"b":{}}
,"/Users/arunkramachandran/Workspace/brewery-management/client/src/components/NavigationBar.jsx": {"path":"/Users/arunkramachandran/Workspace/brewery-management/client/src/components/NavigationBar.jsx","statementMap":{"0":{"start":{"line":3,"column":29},"end":{"line":3,"column":58}},"1":{"start":{"line":3,"column":36},"end":{"line":3,"column":57}}},"fnMap":{"0":{"name":"(anonymous_0)","decl":{"start":{"line":3,"column":29},"end":{"line":3,"column":30}},"loc":{"start":{"line":3,"column":36},"end":{"line":3,"column":57}},"line":3}},"branchMap":{},"s":{"0":0,"1":0},"f":{"0":0},"b":{}}
,"/Users/arunkramachandran/Workspace/brewery-management/client/src/constants/constants.js": {"path":"/Users/arunkramachandran/Workspace/brewery-management/client/src/constants/constants.js","statementMap":{},"fnMap":{},"branchMap":{},"s":{},"f":{},"b":{}}
,"/Users/arunkramachandran/Workspace/brewery-management/client/src/containers/Dashboard.jsx": {"path":"/Users/arunkramachandran/Workspace/brewery-management/client/src/containers/Dashboard.jsx","statementMap":{"0":{"start":{"line":8,"column":19},"end":{"line":17,"column":1}},"1":{"start":{"line":9,"column":4},"end":{"line":16,"column":10}},"2":{"start":{"line":19,"column":25},"end":{"line":31,"column":1}},"3":{"start":{"line":20,"column":24},"end":{"line":20,"column":63}},"4":{"start":{"line":20,"column":45},"end":{"line":20,"column":62}},"5":{"start":{"line":21,"column":21},"end":{"line":21,"column":34}},"6":{"start":{"line":23,"column":4},"end":{"line":23,"column":40}},"7":{"start":{"line":25,"column":4},"end":{"line":30,"column":6}}},"fnMap":{"0":{"name":"(anonymous_0)","decl":{"start":{"line":8,"column":19},"end":{"line":8,"column":20}},"loc":{"start":{"line":9,"column":4},"end":{"line":16,"column":10}},"line":9},"1":{"name":"(anonymous_1)","decl":{"start":{"line":19,"column":25},"end":{"line":19,"column":26}},"loc":{"start":{"line":19,"column":31},"end":{"line":31,"column":1}},"line":19},"2":{"name":"(anonymous_2)","decl":{"start":{"line":20,"column":36},"end":{"line":20,"column":37}},"loc":{"start":{"line":20,"column":45},"end":{"line":20,"column":62}},"line":20}},"branchMap":{},"s":{"0":0,"1":0,"2":0,"3":0,"4":0,"5":0,"6":0,"7":0},"f":{"0":0,"1":0,"2":0},"b":{}}
,"/Users/arunkramachandran/Workspace/brewery-management/client/src/containers/DataLayer.jsx": {"path":"/Users/arunkramachandran/Workspace/brewery-management/client/src/containers/DataLayer.jsx","statementMap":{"0":{"start":{"line":4,"column":25},"end":{"line":11,"column":1}},"1":{"start":{"line":6,"column":4},"end":{"line":10,"column":5}}},"fnMap":{"0":{"name":"(anonymous_0)","decl":{"start":{"line":4,"column":25},"end":{"line":4,"column":26}},"loc":{"start":{"line":4,"column":36},"end":{"line":11,"column":1}},"line":4}},"branchMap":{},"s":{"0":0,"1":0},"f":{"0":0},"b":{}}
,"/Users/arunkramachandran/Workspace/brewery-management/client/src/containers/ProductDetails.jsx": {"path":"/Users/arunkramachandran/Workspace/brewery-management/client/src/containers/ProductDetails.jsx","statementMap":{"0":{"start":{"line":3,"column":30},"end":{"line":10,"column":1}},"1":{"start":{"line":5,"column":4},"end":{"line":9,"column":5}}},"fnMap":{"0":{"name":"(anonymous_0)","decl":{"start":{"line":3,"column":30},"end":{"line":3,"column":31}},"loc":{"start":{"line":3,"column":36},"end":{"line":10,"column":1}},"line":3}},"branchMap":{},"s":{"0":0,"1":0},"f":{"0":0},"b":{}}
,"/Users/arunkramachandran/Workspace/brewery-management/client/src/reducers/appReducer.js": {"path":"/Users/arunkramachandran/Workspace/brewery-management/client/src/reducers/appReducer.js","statementMap":{"0":{"start":{"line":2,"column":21},"end":{"line":4,"column":1}},"1":{"start":{"line":6,"column":27},"end":{"line":14,"column":1}},"2":{"start":{"line":7,"column":30},"end":{"line":7,"column":36}},"3":{"start":{"line":9,"column":4},"end":{"line":13,"column":5}},"4":{"start":{"line":12,"column":12},"end":{"line":12,"column":25}}},"fnMap":{"0":{"name":"(anonymous_0)","decl":{"start":{"line":6,"column":27},"end":{"line":6,"column":28}},"loc":{"start":{"line":6,"column":61},"end":{"line":14,"column":1}},"line":6}},"branchMap":{"0":{"loc":{"start":{"line":6,"column":28},"end":{"line":6,"column":48}},"type":"default-arg","locations":[{"start":{"line":6,"column":36},"end":{"line":6,"column":48}}],"line":6},"1":{"loc":{"start":{"line":9,"column":4},"end":{"line":13,"column":5}},"type":"switch","locations":[{"start":{"line":11,"column":8},"end":{"line":12,"column":25}}],"line":9}},"s":{"0":0,"1":0,"2":0,"3":0,"4":0},"f":{"0":0},"b":{"0":[0],"1":[0]}}
,"/Users/arunkramachandran/Workspace/brewery-management/client/src/reducers/index.js": {"path":"/Users/arunkramachandran/Workspace/brewery-management/client/src/reducers/index.js","statementMap":{},"fnMap":{},"branchMap":{},"s":{},"f":{},"b":{}}
,"/Users/arunkramachandran/Workspace/brewery-management/client/src/store/store.js": {"path":"/Users/arunkramachandran/Workspace/brewery-management/client/src/store/store.js","statementMap":{"0":{"start":{"line":6,"column":23},"end":{"line":15,"column":1}},"1":{"start":{"line":7,"column":18},"end":{"line":12,"column":5}},"2":{"start":{"line":14,"column":4},"end":{"line":14,"column":17}},"3":{"start":{"line":17,"column":14},"end":{"line":17,"column":30}}},"fnMap":{"0":{"name":"(anonymous_0)","decl":{"start":{"line":6,"column":23},"end":{"line":6,"column":24}},"loc":{"start":{"line":6,"column":29},"end":{"line":15,"column":1}},"line":6}},"branchMap":{},"s":{"0":0,"1":0,"2":0,"3":0},"f":{"0":0},"b":{}}
}
