{"/Users/arunkramachandran/Workspace/brewery-management/client/src/index.js": {"path":"/Users/arunkramachandran/Workspace/brewery-management/client/src/index.js","statementMap":{"0":{"start":{"line":7,"column":8},"end":{"line":11,"column":10}},"1":{"start":{"line":15,"column":0},"end":{"line":15,"column":57}}},"fnMap":{"0":{"name":"(anonymous_0)","decl":{"start":{"line":6,"column":4},"end":{"line":6,"column":5}},"loc":{"start":{"line":6,"column":13},"end":{"line":12,"column":5}},"line":6}},"branchMap":{},"s":{"0":0,"1":0},"f":{"0":0},"b":{}}
,"/Users/arunkramachandran/Workspace/brewery-management/client/src/constants/constants.js": {"path":"/Users/arunkramachandran/Workspace/brewery-management/client/src/constants/constants.js","statementMap":{},"fnMap":{},"branchMap":{},"s":{},"f":{},"b":{}}
,"/Users/arunkramachandran/Workspace/brewery-management/client/src/reducers/appReducer.js": {"path":"/Users/arunkramachandran/Workspace/brewery-management/client/src/reducers/appReducer.js","statementMap":{"0":{"start":{"line":2,"column":21},"end":{"line":4,"column":1}},"1":{"start":{"line":6,"column":16},"end":{"line":14,"column":1}},"2":{"start":{"line":7,"column":30},"end":{"line":7,"column":36}},"3":{"start":{"line":9,"column":4},"end":{"line":13,"column":5}},"4":{"start":{"line":12,"column":12},"end":{"line":12,"column":25}}},"fnMap":{"0":{"name":"(anonymous_0)","decl":{"start":{"line":6,"column":16},"end":{"line":6,"column":17}},"loc":{"start":{"line":6,"column":50},"end":{"line":14,"column":1}},"line":6}},"branchMap":{"0":{"loc":{"start":{"line":6,"column":17},"end":{"line":6,"column":37}},"type":"default-arg","locations":[{"start":{"line":6,"column":25},"end":{"line":6,"column":37}}],"line":6},"1":{"loc":{"start":{"line":9,"column":4},"end":{"line":13,"column":5}},"type":"switch","locations":[{"start":{"line":11,"column":8},"end":{"line":12,"column":25}}],"line":9}},"s":{"0":1,"1":1,"2":3,"3":3,"4":3},"f":{"0":3},"b":{"0":[3],"1":[3]},"_coverageSchema":"1a1c01bbd47fc00a2c39e90264f33305004495a9","hash":"b92c0681071d31093fb00ab44c71e2a0caec971c"}
,"/Users/arunkramachandran/Workspace/brewery-management/client/src/reducers/index.js": {"path":"/Users/arunkramachandran/Workspace/brewery-management/client/src/reducers/index.js","statementMap":{},"fnMap":{},"branchMap":{},"s":{},"f":{},"b":{},"_coverageSchema":"1a1c01bbd47fc00a2c39e90264f33305004495a9","hash":"42d1cbe29b66a37347f4483d1a076415cf1d177a"}
,"/Users/arunkramachandran/Workspace/brewery-management/client/src/store/store.js": {"path":"/Users/arunkramachandran/Workspace/brewery-management/client/src/store/store.js","statementMap":{"0":{"start":{"line":6,"column":23},"end":{"line":15,"column":1}},"1":{"start":{"line":7,"column":18},"end":{"line":12,"column":5}},"2":{"start":{"line":14,"column":4},"end":{"line":14,"column":17}},"3":{"start":{"line":17,"column":14},"end":{"line":17,"column":30}}},"fnMap":{"0":{"name":"(anonymous_0)","decl":{"start":{"line":6,"column":23},"end":{"line":6,"column":24}},"loc":{"start":{"line":6,"column":29},"end":{"line":15,"column":1}},"line":6}},"branchMap":{},"s":{"0":0,"1":0,"2":0,"3":0},"f":{"0":0},"b":{}}
}
